[0.010s] Invoking command in '/home/dev/dev_ws/src/my_bot/build/my_bot': CMAKE_PREFIX_PATH=/opt/ros/foxy /usr/bin/cmake /home/dev/dev_ws/src/my_bot -DAMENT_CMAKE_SYMLINK_INSTALL=1 -DCMAKE_INSTALL_PREFIX=/home/dev/dev_ws/src/my_bot/install/my_bot
[0.115s] -- The C compiler identification is GNU 9.4.0
[0.186s] -- The CXX compiler identification is GNU 9.4.0
[0.191s] -- Check for working C compiler: /usr/bin/cc
[0.243s] -- Check for working C compiler: /usr/bin/cc -- works
[0.245s] -- Detecting C compiler ABI info
[0.300s] -- Detecting C compiler ABI info - done
[0.307s] -- Detecting C compile features
[0.308s] -- Detecting C compile features - done
[0.311s] -- Check for working CXX compiler: /usr/bin/c++
[0.383s] -- Check for working CXX compiler: /usr/bin/c++ -- works
[0.383s] -- Detecting CXX compiler ABI info
[0.448s] -- Detecting CXX compiler ABI info - done
[0.455s] -- Detecting CXX compile features
[0.455s] -- Detecting CXX compile features - done
[0.461s] -- Found ament_cmake: 0.9.12 (/opt/ros/foxy/share/ament_cmake/cmake)
[0.479s] -- Found PythonInterp: /usr/bin/python3 (found suitable version "3.8.10", minimum required is "3") 
[0.479s] -- Using PYTHON_EXECUTABLE: /usr/bin/python3
[0.590s] -- Override CMake install command with custom implementation using symlinks instead of copying resources
[0.617s] -- Found ament_lint_auto: 0.9.8 (/opt/ros/foxy/share/ament_lint_auto/cmake)
[0.681s] -- Added test 'copyright' to check source files copyright and LICENSE
[0.693s] -- Added test 'cppcheck' to perform static code analysis on C / C++ code
[0.693s] -- Configured cppcheck include dirs: 
[0.693s] -- Configured cppcheck exclude dirs and/or files: 
[0.702s] -- Added test 'cpplint' to check C / C++ code against the Google style
[0.702s] -- Configured cpplint exclude dirs and/or files: 
[0.704s] -- Added test 'flake8' to check Python code syntax and style conventions
[0.706s] -- Added test 'lint_cmake' to check CMake code style
[0.708s] -- Added test 'pep257' to check Python code against some of the style conventions in PEP 257
[0.717s] -- Added test 'uncrustify' to check C / C++ code style
[0.717s] -- Configured uncrustify additional arguments: 
[0.719s] -- Added test 'xmllint' to check XML markup files
[0.724s] -- Configuring done
[0.730s] -- Generating done
[0.733s] -- Build files have been written to: /home/dev/dev_ws/src/my_bot/build/my_bot
[0.735s] Invoked command in '/home/dev/dev_ws/src/my_bot/build/my_bot' returned '0': CMAKE_PREFIX_PATH=/opt/ros/foxy /usr/bin/cmake /home/dev/dev_ws/src/my_bot -DAMENT_CMAKE_SYMLINK_INSTALL=1 -DCMAKE_INSTALL_PREFIX=/home/dev/dev_ws/src/my_bot/install/my_bot
[0.737s] Invoking command in '/home/dev/dev_ws/src/my_bot/build/my_bot': CMAKE_PREFIX_PATH=/opt/ros/foxy /usr/bin/cmake --build /home/dev/dev_ws/src/my_bot/build/my_bot -- -j2 -l2
[0.769s] Invoked command in '/home/dev/dev_ws/src/my_bot/build/my_bot' returned '0': CMAKE_PREFIX_PATH=/opt/ros/foxy /usr/bin/cmake --build /home/dev/dev_ws/src/my_bot/build/my_bot -- -j2 -l2
[0.779s] Invoking command in '/home/dev/dev_ws/src/my_bot/build/my_bot': CMAKE_PREFIX_PATH=/opt/ros/foxy /usr/bin/cmake --install /home/dev/dev_ws/src/my_bot/build/my_bot
[0.785s] -- Install configuration: ""
[0.786s] -- Execute custom install script
[0.786s] -- Symlinking: /home/dev/dev_ws/src/my_bot/install/my_bot/share/my_bot/config/empty.yaml
[0.792s] -- Symlinking: /home/dev/dev_ws/src/my_bot/install/my_bot/share/my_bot/config/view_bot_rviz.rviz
[0.797s] -- Symlinking: /home/dev/dev_ws/src/my_bot/install/my_bot/share/my_bot/description/inertial_macros.xacro
[0.803s] -- Symlinking: /home/dev/dev_ws/src/my_bot/install/my_bot/share/my_bot/description/robot.urdf.xacro
[0.808s] -- Symlinking: /home/dev/dev_ws/src/my_bot/install/my_bot/share/my_bot/description/robot_core.xacro
[0.815s] -- Symlinking: /home/dev/dev_ws/src/my_bot/install/my_bot/share/my_bot/launch/launch_sim.launch.py
[0.821s] -- Symlinking: /home/dev/dev_ws/src/my_bot/install/my_bot/share/my_bot/launch/rsp.launch.py
[0.828s] -- Symlinking: /home/dev/dev_ws/src/my_bot/install/my_bot/share/my_bot/worlds/empty.world
[0.833s] -- Symlinking: /home/dev/dev_ws/src/my_bot/install/my_bot/share/ament_index/resource_index/package_run_dependencies/my_bot
[0.839s] -- Symlinking: /home/dev/dev_ws/src/my_bot/install/my_bot/share/ament_index/resource_index/parent_prefix_path/my_bot
[0.845s] -- Symlinking: /home/dev/dev_ws/src/my_bot/install/my_bot/share/my_bot/environment/ament_prefix_path.sh
[0.851s] -- Symlinking: /home/dev/dev_ws/src/my_bot/install/my_bot/share/my_bot/environment/ament_prefix_path.dsv
[0.858s] -- Symlinking: /home/dev/dev_ws/src/my_bot/install/my_bot/share/my_bot/environment/path.sh
[0.863s] -- Symlinking: /home/dev/dev_ws/src/my_bot/install/my_bot/share/my_bot/environment/path.dsv
[0.868s] -- Symlinking: /home/dev/dev_ws/src/my_bot/install/my_bot/share/my_bot/local_setup.bash
[0.874s] -- Symlinking: /home/dev/dev_ws/src/my_bot/install/my_bot/share/my_bot/local_setup.sh
[0.882s] -- Symlinking: /home/dev/dev_ws/src/my_bot/install/my_bot/share/my_bot/local_setup.zsh
[0.885s] -- Symlinking: /home/dev/dev_ws/src/my_bot/install/my_bot/share/my_bot/local_setup.dsv
[0.891s] -- Symlinking: /home/dev/dev_ws/src/my_bot/install/my_bot/share/my_bot/package.dsv
[0.896s] -- Symlinking: /home/dev/dev_ws/src/my_bot/install/my_bot/share/ament_index/resource_index/packages/my_bot
[0.902s] -- Symlinking: /home/dev/dev_ws/src/my_bot/install/my_bot/share/my_bot/cmake/my_botConfig.cmake
[0.907s] -- Symlinking: /home/dev/dev_ws/src/my_bot/install/my_bot/share/my_bot/cmake/my_botConfig-version.cmake
[0.912s] -- Symlinking: /home/dev/dev_ws/src/my_bot/install/my_bot/share/my_bot/package.xml
[0.919s] Invoked command in '/home/dev/dev_ws/src/my_bot/build/my_bot' returned '0': CMAKE_PREFIX_PATH=/opt/ros/foxy /usr/bin/cmake --install /home/dev/dev_ws/src/my_bot/build/my_bot
