[0.119s] DEBUG:colcon:Command line arguments: ['/usr/bin/colcon', 'build', '--symlink-install']
[0.119s] DEBUG:colcon:Parsed command line arguments: Namespace(allow_overriding=[], ament_cmake_args=None, base_paths=['.'], build_base='build', catkin_cmake_args=None, catkin_skip_building_tests=False, cmake_args=None, cmake_clean_cache=False, cmake_clean_first=False, cmake_force_configure=False, cmake_target=None, cmake_target_skip_unavailable=False, continue_on_error=False, event_handlers=None, executor='parallel', ignore_user_meta=False, install_base='install', log_base=None, log_level=None, main=<bound method BuildVerb.main of <colcon_core.verb.build.BuildVerb object at 0x7f782572c580>>, merge_install=False, metas=['./colcon.meta'], mixin=None, mixin_files=None, mixin_verb=('build',), packages_above=None, packages_above_and_dependencies=None, packages_above_depth=None, packages_end=None, packages_ignore=None, packages_ignore_regex=None, packages_select=None, packages_select_build_failed=False, packages_select_by_dep=None, packages_select_regex=None, packages_select_test_failures=False, packages_skip=None, packages_skip_build_finished=False, packages_skip_by_dep=None, packages_skip_regex=None, packages_skip_test_passed=False, packages_skip_up_to=None, packages_start=None, packages_up_to=None, packages_up_to_regex=None, parallel_workers=2, paths=None, symlink_install=True, test_result_base=None, verb_extension=<colcon_core.verb.build.BuildVerb object at 0x7f782572c580>, verb_name='build', verb_parser=<colcon_mixin.mixin.mixin_argument.MixinArgumentDecorator object at 0x7f78256d9ca0>)
[0.237s] Level 1:colcon.colcon_core.package_discovery:discover_packages(colcon_meta) check parameters
[0.237s] Level 1:colcon.colcon_core.package_discovery:discover_packages(recursive) check parameters
[0.237s] Level 1:colcon.colcon_core.package_discovery:discover_packages(ignore) check parameters
[0.238s] Level 1:colcon.colcon_core.package_discovery:discover_packages(path) check parameters
[0.238s] Level 1:colcon.colcon_core.package_discovery:discover_packages(colcon_meta) discover
[0.238s] Level 1:colcon.colcon_core.package_discovery:discover_packages(recursive) discover
[0.238s] INFO:colcon.colcon_core.package_discovery:Crawling recursively for packages in '/home/dev/dev_ws/src/my_bot'
[0.238s] Level 1:colcon.colcon_core.package_identification:_identify(.) by extensions ['ignore', 'ignore_ament_install']
[0.238s] Level 1:colcon.colcon_core.package_identification:_identify(.) by extension 'ignore'
[0.238s] Level 1:colcon.colcon_core.package_identification:_identify(.) by extension 'ignore_ament_install'
[0.238s] Level 1:colcon.colcon_core.package_identification:_identify(.) by extensions ['colcon_pkg']
[0.238s] Level 1:colcon.colcon_core.package_identification:_identify(.) by extension 'colcon_pkg'
[0.238s] Level 1:colcon.colcon_core.package_identification:_identify(.) by extensions ['colcon_meta']
[0.238s] Level 1:colcon.colcon_core.package_identification:_identify(.) by extension 'colcon_meta'
[0.239s] Level 1:colcon.colcon_core.package_identification:_identify(.) by extensions ['ros']
[0.239s] Level 1:colcon.colcon_core.package_identification:_identify(.) by extension 'ros'
[0.251s] DEBUG:colcon.colcon_core.package_identification:Package '.' with type 'ros.ament_cmake' and name 'my_bot'
[0.251s] Level 1:colcon.colcon_core.package_discovery:discover_packages(recursive) using defaults
[0.251s] Level 1:colcon.colcon_core.package_discovery:discover_packages(ignore) discover
[0.251s] Level 1:colcon.colcon_core.package_discovery:discover_packages(ignore) using defaults
[0.251s] Level 1:colcon.colcon_core.package_discovery:discover_packages(path) discover
[0.251s] Level 1:colcon.colcon_core.package_discovery:discover_packages(path) using defaults
[0.264s] Level 1:colcon.colcon_core.package_discovery:discover_packages(prefix_path) check parameters
[0.264s] Level 1:colcon.colcon_core.package_discovery:discover_packages(prefix_path) discover
[0.267s] DEBUG:colcon.colcon_installed_package_information.package_discovery:Found 266 installed packages in /opt/ros/foxy
[0.268s] Level 1:colcon.colcon_core.package_discovery:discover_packages(prefix_path) using defaults
[0.319s] Level 5:colcon.colcon_core.verb:set package 'my_bot' build argument 'cmake_args' from command line to 'None'
[0.319s] Level 5:colcon.colcon_core.verb:set package 'my_bot' build argument 'cmake_target' from command line to 'None'
[0.320s] Level 5:colcon.colcon_core.verb:set package 'my_bot' build argument 'cmake_target_skip_unavailable' from command line to 'False'
[0.320s] Level 5:colcon.colcon_core.verb:set package 'my_bot' build argument 'cmake_clean_cache' from command line to 'False'
[0.320s] Level 5:colcon.colcon_core.verb:set package 'my_bot' build argument 'cmake_clean_first' from command line to 'False'
[0.320s] Level 5:colcon.colcon_core.verb:set package 'my_bot' build argument 'cmake_force_configure' from command line to 'False'
[0.320s] Level 5:colcon.colcon_core.verb:set package 'my_bot' build argument 'ament_cmake_args' from command line to 'None'
[0.320s] Level 5:colcon.colcon_core.verb:set package 'my_bot' build argument 'catkin_cmake_args' from command line to 'None'
[0.320s] Level 5:colcon.colcon_core.verb:set package 'my_bot' build argument 'catkin_skip_building_tests' from command line to 'False'
[0.320s] DEBUG:colcon.colcon_core.verb:Building package 'my_bot' with the following arguments: {'ament_cmake_args': None, 'build_base': '/home/dev/dev_ws/src/my_bot/build/my_bot', 'catkin_cmake_args': None, 'catkin_skip_building_tests': False, 'cmake_args': None, 'cmake_clean_cache': False, 'cmake_clean_first': False, 'cmake_force_configure': False, 'cmake_target': None, 'cmake_target_skip_unavailable': False, 'install_base': '/home/dev/dev_ws/src/my_bot/install/my_bot', 'merge_install': False, 'path': '/home/dev/dev_ws/src/my_bot', 'symlink_install': True, 'test_result_base': None}
[0.320s] INFO:colcon.colcon_core.executor:Executing jobs using 'parallel' executor
[0.321s] DEBUG:colcon.colcon_parallel_executor.executor.parallel:run_until_complete
[0.321s] INFO:colcon.colcon_ros.task.ament_cmake.build:Building ROS package in '/home/dev/dev_ws/src/my_bot' with build type 'ament_cmake'
[0.321s] INFO:colcon.colcon_cmake.task.cmake.build:Building CMake package in '/home/dev/dev_ws/src/my_bot'
[0.324s] INFO:colcon.colcon_core.plugin_system:Skipping extension 'colcon_core.shell.bat': Not used on non-Windows systems
[0.324s] INFO:colcon.colcon_core.shell:Skip shell extension 'powershell' for command environment: Not usable outside of PowerShell
[0.324s] DEBUG:colcon.colcon_core.shell:Skip shell extension 'dsv' for command environment
[0.331s] DEBUG:colcon.colcon_core.event_handler.log_command:Invoking command in '/home/dev/dev_ws/src/my_bot/build/my_bot': CMAKE_PREFIX_PATH=/opt/ros/foxy /usr/bin/cmake /home/dev/dev_ws/src/my_bot -DAMENT_CMAKE_SYMLINK_INSTALL=1 -DCMAKE_INSTALL_PREFIX=/home/dev/dev_ws/src/my_bot/install/my_bot
[1.056s] DEBUG:colcon.colcon_core.event_handler.log_command:Invoked command in '/home/dev/dev_ws/src/my_bot/build/my_bot' returned '0': CMAKE_PREFIX_PATH=/opt/ros/foxy /usr/bin/cmake /home/dev/dev_ws/src/my_bot -DAMENT_CMAKE_SYMLINK_INSTALL=1 -DCMAKE_INSTALL_PREFIX=/home/dev/dev_ws/src/my_bot/install/my_bot
[1.059s] DEBUG:colcon.colcon_core.event_handler.log_command:Invoking command in '/home/dev/dev_ws/src/my_bot/build/my_bot': CMAKE_PREFIX_PATH=/opt/ros/foxy /usr/bin/cmake --build /home/dev/dev_ws/src/my_bot/build/my_bot -- -j2 -l2
[1.092s] DEBUG:colcon.colcon_core.event_handler.log_command:Invoked command in '/home/dev/dev_ws/src/my_bot/build/my_bot' returned '0': CMAKE_PREFIX_PATH=/opt/ros/foxy /usr/bin/cmake --build /home/dev/dev_ws/src/my_bot/build/my_bot -- -j2 -l2
[1.100s] DEBUG:colcon.colcon_core.event_handler.log_command:Invoking command in '/home/dev/dev_ws/src/my_bot/build/my_bot': CMAKE_PREFIX_PATH=/opt/ros/foxy /usr/bin/cmake --install /home/dev/dev_ws/src/my_bot/build/my_bot
[1.240s] Level 1:colcon.colcon_core.environment:create_environment_scripts_only(my_bot)
[1.240s] DEBUG:colcon.colcon_core.event_handler.log_command:Invoked command in '/home/dev/dev_ws/src/my_bot/build/my_bot' returned '0': CMAKE_PREFIX_PATH=/opt/ros/foxy /usr/bin/cmake --install /home/dev/dev_ws/src/my_bot/build/my_bot
[1.245s] Level 1:colcon.colcon_core.environment:checking '/home/dev/dev_ws/src/my_bot/install/my_bot' for CMake module files
[1.246s] Level 1:colcon.colcon_core.environment:checking '/home/dev/dev_ws/src/my_bot/install/my_bot' for CMake config files
[1.246s] Level 1:colcon.colcon_core.shell:create_environment_hook('my_bot', 'cmake_prefix_path')
[1.246s] INFO:colcon.colcon_core.shell:Creating environment hook '/home/dev/dev_ws/src/my_bot/install/my_bot/share/my_bot/hook/cmake_prefix_path.ps1'
[1.247s] INFO:colcon.colcon_core.shell:Creating environment descriptor '/home/dev/dev_ws/src/my_bot/install/my_bot/share/my_bot/hook/cmake_prefix_path.dsv'
[1.247s] INFO:colcon.colcon_core.shell:Creating environment hook '/home/dev/dev_ws/src/my_bot/install/my_bot/share/my_bot/hook/cmake_prefix_path.sh'
[1.248s] Level 1:colcon.colcon_core.environment:checking '/home/dev/dev_ws/src/my_bot/install/my_bot/bin'
[1.248s] Level 1:colcon.colcon_core.environment:checking '/home/dev/dev_ws/src/my_bot/install/my_bot/lib/pkgconfig/my_bot.pc'
[1.249s] Level 1:colcon.colcon_core.environment:checking '/home/dev/dev_ws/src/my_bot/install/my_bot/lib/python3.8/site-packages'
[1.249s] Level 1:colcon.colcon_core.environment:checking '/home/dev/dev_ws/src/my_bot/install/my_bot/bin'
[1.249s] INFO:colcon.colcon_core.shell:Creating package script '/home/dev/dev_ws/src/my_bot/install/my_bot/share/my_bot/package.ps1'
[1.250s] INFO:colcon.colcon_core.shell:Creating package descriptor '/home/dev/dev_ws/src/my_bot/install/my_bot/share/my_bot/package.dsv'
[1.250s] INFO:colcon.colcon_core.shell:Creating package script '/home/dev/dev_ws/src/my_bot/install/my_bot/share/my_bot/package.sh'
[1.251s] INFO:colcon.colcon_core.shell:Creating package script '/home/dev/dev_ws/src/my_bot/install/my_bot/share/my_bot/package.bash'
[1.251s] INFO:colcon.colcon_core.shell:Creating package script '/home/dev/dev_ws/src/my_bot/install/my_bot/share/my_bot/package.zsh'
[1.252s] Level 1:colcon.colcon_core.environment:create_file_with_runtime_dependencies(/home/dev/dev_ws/src/my_bot/install/my_bot/share/colcon-core/packages/my_bot)
[1.253s] Level 1:colcon.colcon_core.environment:create_environment_scripts_only(my_bot)
[1.253s] Level 1:colcon.colcon_core.environment:checking '/home/dev/dev_ws/src/my_bot/install/my_bot' for CMake module files
[1.253s] Level 1:colcon.colcon_core.environment:checking '/home/dev/dev_ws/src/my_bot/install/my_bot' for CMake config files
[1.253s] Level 1:colcon.colcon_core.shell:create_environment_hook('my_bot', 'cmake_prefix_path')
[1.253s] INFO:colcon.colcon_core.shell:Creating environment hook '/home/dev/dev_ws/src/my_bot/install/my_bot/share/my_bot/hook/cmake_prefix_path.ps1'
[1.254s] INFO:colcon.colcon_core.shell:Creating environment descriptor '/home/dev/dev_ws/src/my_bot/install/my_bot/share/my_bot/hook/cmake_prefix_path.dsv'
[1.254s] INFO:colcon.colcon_core.shell:Creating environment hook '/home/dev/dev_ws/src/my_bot/install/my_bot/share/my_bot/hook/cmake_prefix_path.sh'
[1.254s] Level 1:colcon.colcon_core.environment:checking '/home/dev/dev_ws/src/my_bot/install/my_bot/bin'
[1.254s] Level 1:colcon.colcon_core.environment:checking '/home/dev/dev_ws/src/my_bot/install/my_bot/lib/pkgconfig/my_bot.pc'
[1.254s] Level 1:colcon.colcon_core.environment:checking '/home/dev/dev_ws/src/my_bot/install/my_bot/lib/python3.8/site-packages'
[1.254s] Level 1:colcon.colcon_core.environment:checking '/home/dev/dev_ws/src/my_bot/install/my_bot/bin'
[1.255s] INFO:colcon.colcon_core.shell:Creating package script '/home/dev/dev_ws/src/my_bot/install/my_bot/share/my_bot/package.ps1'
[1.255s] INFO:colcon.colcon_core.shell:Creating package descriptor '/home/dev/dev_ws/src/my_bot/install/my_bot/share/my_bot/package.dsv'
[1.255s] INFO:colcon.colcon_core.shell:Creating package script '/home/dev/dev_ws/src/my_bot/install/my_bot/share/my_bot/package.sh'
[1.256s] INFO:colcon.colcon_core.shell:Creating package script '/home/dev/dev_ws/src/my_bot/install/my_bot/share/my_bot/package.bash'
[1.256s] INFO:colcon.colcon_core.shell:Creating package script '/home/dev/dev_ws/src/my_bot/install/my_bot/share/my_bot/package.zsh'
[1.256s] Level 1:colcon.colcon_core.environment:create_file_with_runtime_dependencies(/home/dev/dev_ws/src/my_bot/install/my_bot/share/colcon-core/packages/my_bot)
[1.256s] DEBUG:colcon.colcon_parallel_executor.executor.parallel:closing loop
[1.257s] DEBUG:colcon.colcon_parallel_executor.executor.parallel:loop closed
[1.257s] DEBUG:colcon.colcon_parallel_executor.executor.parallel:run_until_complete finished with '0'
[1.257s] DEBUG:colcon.colcon_core.event_reactor:joining thread
[1.263s] INFO:colcon.colcon_core.plugin_system:Skipping extension 'colcon_notification.desktop_notification.terminal_notifier': Not used on non-Darwin systems
[1.263s] INFO:colcon.colcon_core.plugin_system:Skipping extension 'colcon_notification.desktop_notification.win32': Not used on non-Windows systems
[1.264s] INFO:colcon.colcon_notification.desktop_notification:Sending desktop notification using 'notify2'
[1.281s] DEBUG:colcon.colcon_core.event_reactor:joined thread
[1.281s] INFO:colcon.colcon_core.shell:Creating prefix script '/home/dev/dev_ws/src/my_bot/install/local_setup.ps1'
[1.282s] INFO:colcon.colcon_core.shell:Creating prefix util module '/home/dev/dev_ws/src/my_bot/install/_local_setup_util_ps1.py'
[1.282s] INFO:colcon.colcon_core.shell:Creating prefix chain script '/home/dev/dev_ws/src/my_bot/install/setup.ps1'
[1.283s] INFO:colcon.colcon_core.shell:Creating prefix script '/home/dev/dev_ws/src/my_bot/install/local_setup.sh'
[1.284s] INFO:colcon.colcon_core.shell:Creating prefix util module '/home/dev/dev_ws/src/my_bot/install/_local_setup_util_sh.py'
[1.284s] INFO:colcon.colcon_core.shell:Creating prefix chain script '/home/dev/dev_ws/src/my_bot/install/setup.sh'
[1.285s] INFO:colcon.colcon_core.shell:Creating prefix script '/home/dev/dev_ws/src/my_bot/install/local_setup.bash'
[1.286s] INFO:colcon.colcon_core.shell:Creating prefix chain script '/home/dev/dev_ws/src/my_bot/install/setup.bash'
[1.286s] INFO:colcon.colcon_core.shell:Creating prefix script '/home/dev/dev_ws/src/my_bot/install/local_setup.zsh'
[1.287s] INFO:colcon.colcon_core.shell:Creating prefix chain script '/home/dev/dev_ws/src/my_bot/install/setup.zsh'
